<?xml version="1.0" encoding="UTF-8"?>
<testng-results skipped="0" failed="0" ignored="0" total="1" passed="1">
  <reporter-output>
  </reporter-output>
  <suite name="Suite" duration-ms="33576" started-at="2020-08-15T14:12:00Z" finished-at="2020-08-15T14:12:34Z">
    <groups>
    </groups>
    <test name="Test" duration-ms="33576" started-at="2020-08-15T14:12:00Z" finished-at="2020-08-15T14:12:34Z">
      <class name="Testcases.LoginTest">
        <test-method status="PASS" signature="Login()[pri:0, instance:Testcases.LoginTest@6a472554]" name="Login" duration-ms="33459" started-at="2020-08-15T19:42:00Z" finished-at="2020-08-15T19:42:34Z">
          <reporter-output>
          </reporter-output>
        </test-method> <!-- Login -->
      </class> <!-- Testcases.LoginTest -->
    </test> <!-- Test -->
  </suite> <!-- Suite -->
</testng-results>
